<?xml version="1.0" encoding="UTF-8"?>
<testng-results ignored="0" total="1" passed="1" failed="0" skipped="0">
  <reporter-output>
  </reporter-output>
  <suite started-at="2024-04-04T10:43:44 IST" name="Default suite" finished-at="2024-04-04T10:44:54 IST" duration-ms="70117">
    <groups>
    </groups>
    <test started-at="2024-04-04T10:43:44 IST" name="Default test" finished-at="2024-04-04T10:44:54 IST" duration-ms="70117">
      <class name="demoPkg.TestClass">
        <test-method is-config="true" signature="setUp()[pri:0, instance:demoPkg.TestClass@2925bf5b]" started-at="2024-04-04T10:43:44 IST" name="setUp" finished-at="2024-04-04T10:44:20 IST" duration-ms="35715" status="PASS">
          <reporter-output>
          </reporter-output>
        </test-method> <!-- setUp -->
        <test-method signature="operation()[pri:0, instance:demoPkg.TestClass@2925bf5b]" started-at="2024-04-04T10:44:20 IST" name="operation" finished-at="2024-04-04T10:44:24 IST" duration-ms="4050" status="PASS">
          <reporter-output>
          </reporter-output>
        </test-method> <!-- operation -->
        <test-method is-config="true" signature="tearDown()[pri:0, instance:demoPkg.TestClass@2925bf5b]" started-at="2024-04-04T10:44:24 IST" name="tearDown" finished-at="2024-04-04T10:44:54 IST" duration-ms="30140" status="PASS">
          <reporter-output>
          </reporter-output>
        </test-method> <!-- tearDown -->
      </class> <!-- demoPkg.TestClass -->
    </test> <!-- Default test -->
  </suite> <!-- Default suite -->
</testng-results>
